INFO:root:Started training at 15-12-2017, 17:24:25.
INFO:root:Epoch [1/100]...
INFO:root:Training loss: 5.881622314453125
INFO:root:Validation loss: 5.841396331787109
INFO:root:Minimum training loss found in epoch 1
INFO:root:Minimum validation loss found in epoch 1
INFO:root:Epoch [2/100]...
INFO:root:Training loss: 5.84114933013916
INFO:root:Validation loss: 5.785006523132324
INFO:root:Minimum training loss found in epoch 2
INFO:root:Minimum validation loss found in epoch 2
INFO:root:Epoch [3/100]...
INFO:root:Training loss: 5.783461093902588
INFO:root:Validation loss: 5.6698784828186035
INFO:root:Minimum training loss found in epoch 3
INFO:root:Minimum validation loss found in epoch 3
INFO:root:Epoch [4/100]...
INFO:root:Training loss: 5.672578811645508
INFO:root:Validation loss: 5.4180707931518555
INFO:root:Minimum training loss found in epoch 4
INFO:root:Minimum validation loss found in epoch 4
INFO:root:Epoch [5/100]...
INFO:root:Training loss: 5.427216529846191
INFO:root:Validation loss: 4.913447380065918
INFO:root:Minimum training loss found in epoch 5
INFO:root:Minimum validation loss found in epoch 5
INFO:root:Epoch [6/100]...
INFO:root:Training loss: 4.928140640258789
INFO:root:Validation loss: 4.2829694747924805
INFO:root:Minimum training loss found in epoch 6
INFO:root:Minimum validation loss found in epoch 6
INFO:root:Epoch [7/100]...
INFO:root:Training loss: 4.2672929763793945
INFO:root:Validation loss: 3.8949739933013916
INFO:root:Minimum training loss found in epoch 7
INFO:root:Minimum validation loss found in epoch 7
INFO:root:Epoch [8/100]...
INFO:root:Training loss: 3.7838404178619385
INFO:root:Validation loss: 4.618326187133789
INFO:root:Minimum training loss found in epoch 8
INFO:root:Epoch [9/100]...
INFO:root:Training loss: 4.346892356872559
INFO:root:Validation loss: 3.7231125831604004
INFO:root:Minimum validation loss found in epoch 9
INFO:root:Epoch [10/100]...
INFO:root:Training loss: 3.3693742752075195
INFO:root:Validation loss: 4.562924861907959
INFO:root:Minimum training loss found in epoch 10
INFO:root:Epoch [11/100]...
INFO:root:Training loss: 4.018844127655029
INFO:root:Validation loss: 3.643893241882324
INFO:root:Minimum validation loss found in epoch 11
INFO:root:Epoch [12/100]...
INFO:root:Training loss: 3.1495842933654785
INFO:root:Validation loss: 3.77732515335083
INFO:root:Minimum training loss found in epoch 12
INFO:root:Epoch [13/100]...
INFO:root:Training loss: 3.2110648155212402
INFO:root:Validation loss: 3.587312698364258
INFO:root:Minimum validation loss found in epoch 13
INFO:root:Epoch [14/100]...
INFO:root:Training loss: 3.094754934310913
INFO:root:Validation loss: 2.884875774383545
INFO:root:Minimum training loss found in epoch 14
INFO:root:Minimum validation loss found in epoch 14
INFO:root:Epoch [15/100]...
INFO:root:Training loss: 2.706644296646118
INFO:root:Validation loss: 2.847874164581299
INFO:root:Minimum training loss found in epoch 15
INFO:root:Minimum validation loss found in epoch 15
INFO:root:Epoch [16/100]...
INFO:root:Training loss: 2.4863226413726807
INFO:root:Validation loss: 3.9292750358581543
INFO:root:Minimum training loss found in epoch 16
INFO:root:Epoch [17/100]...
INFO:root:Training loss: 2.5473504066467285
INFO:root:Validation loss: 4.089897155761719
INFO:root:Epoch [18/100]...
INFO:root:Training loss: 2.447467803955078
INFO:root:Validation loss: 2.893714189529419
INFO:root:Minimum training loss found in epoch 18
INFO:root:Epoch [19/100]...
INFO:root:Training loss: 2.2214481830596924
INFO:root:Validation loss: 2.779675245285034
INFO:root:Minimum training loss found in epoch 19
INFO:root:Minimum validation loss found in epoch 19
INFO:root:Epoch [20/100]...
INFO:root:Training loss: 2.089646816253662
INFO:root:Validation loss: 2.9209680557250977
INFO:root:Minimum training loss found in epoch 20
INFO:root:Epoch [21/100]...
INFO:root:Training loss: 2.0008578300476074
INFO:root:Validation loss: 3.2296981811523438
INFO:root:Minimum training loss found in epoch 21
INFO:root:Epoch [22/100]...
INFO:root:Training loss: 1.8914566040039062
INFO:root:Validation loss: 3.4002795219421387
INFO:root:Minimum training loss found in epoch 22
INFO:root:Epoch [23/100]...
INFO:root:Training loss: 1.7216213941574097
INFO:root:Validation loss: 3.466318130493164
INFO:root:Minimum training loss found in epoch 23
INFO:root:Epoch [24/100]...
INFO:root:Training loss: 1.5076271295547485
INFO:root:Validation loss: 3.6667017936706543
INFO:root:Minimum training loss found in epoch 24
INFO:root:Epoch [25/100]...
INFO:root:Training loss: 1.3168890476226807
INFO:root:Validation loss: 3.8864035606384277
INFO:root:Minimum training loss found in epoch 25
INFO:root:Epoch [26/100]...
INFO:root:Training loss: 1.2216824293136597
INFO:root:Validation loss: 3.997387647628784
INFO:root:Minimum training loss found in epoch 26
INFO:root:Epoch [27/100]...
INFO:root:Training loss: 1.0239908695220947
INFO:root:Validation loss: 1.4469287395477295
INFO:root:Minimum training loss found in epoch 27
INFO:root:Minimum validation loss found in epoch 27
INFO:root:Epoch [28/100]...
INFO:root:Training loss: 0.8607721328735352
INFO:root:Validation loss: 1.4589742422103882
INFO:root:Minimum training loss found in epoch 28
INFO:root:Epoch [29/100]...
INFO:root:Training loss: 0.7698718309402466
INFO:root:Validation loss: 1.2055208683013916
INFO:root:Minimum training loss found in epoch 29
INFO:root:Minimum validation loss found in epoch 29
INFO:root:Epoch [30/100]...
INFO:root:Training loss: 0.5425464510917664
INFO:root:Validation loss: 2.757406711578369
INFO:root:Minimum training loss found in epoch 30
INFO:root:Epoch [31/100]...
INFO:root:Training loss: 0.49848732352256775
INFO:root:Validation loss: 1.1237444877624512
INFO:root:Minimum training loss found in epoch 31
INFO:root:Minimum validation loss found in epoch 31
INFO:root:Epoch [32/100]...
INFO:root:Training loss: 0.32846206426620483
INFO:root:Validation loss: 1.2788053750991821
INFO:root:Minimum training loss found in epoch 32
INFO:root:Epoch [33/100]...
INFO:root:Training loss: 0.3251388370990753
INFO:root:Validation loss: 1.3326746225357056
INFO:root:Minimum training loss found in epoch 33
INFO:root:Epoch [34/100]...
INFO:root:Training loss: 0.2126869261264801
INFO:root:Validation loss: 1.3286441564559937
INFO:root:Minimum training loss found in epoch 34
INFO:root:Epoch [35/100]...
INFO:root:Training loss: 0.14764687418937683
INFO:root:Validation loss: 1.4177531003952026
INFO:root:Minimum training loss found in epoch 35
INFO:root:Epoch [36/100]...
INFO:root:Training loss: 0.1261681318283081
INFO:root:Validation loss: 1.486944317817688
INFO:root:Minimum training loss found in epoch 36
INFO:root:Epoch [37/100]...
INFO:root:Training loss: 0.0687175989151001
INFO:root:Validation loss: 1.6197187900543213
INFO:root:Minimum training loss found in epoch 37
INFO:root:Epoch [38/100]...
INFO:root:Training loss: 0.04822905734181404
INFO:root:Validation loss: 1.746893048286438
INFO:root:Minimum training loss found in epoch 38
INFO:root:Epoch [39/100]...
INFO:root:Training loss: 0.023871414363384247
INFO:root:Validation loss: 1.810063123703003
INFO:root:Minimum training loss found in epoch 39
INFO:root:Epoch [40/100]...
INFO:root:Training loss: 0.012786725535988808
INFO:root:Validation loss: 1.8324689865112305
INFO:root:Minimum training loss found in epoch 40
INFO:root:Epoch [41/100]...
INFO:root:Training loss: 0.0067125060595571995
INFO:root:Validation loss: 1.8812224864959717
INFO:root:Minimum training loss found in epoch 41
INFO:root:Epoch [42/100]...
INFO:root:Training loss: 0.008654804900288582
INFO:root:Validation loss: 1.9602315425872803
INFO:root:Epoch [43/100]...
INFO:root:Training loss: 0.003955156542360783
INFO:root:Validation loss: 1.9675930738449097
INFO:root:Minimum training loss found in epoch 43
INFO:root:Epoch [44/100]...
INFO:root:Training loss: 0.0034089796245098114
INFO:root:Validation loss: 1.9742047786712646
INFO:root:Minimum training loss found in epoch 44
INFO:root:Epoch [45/100]...
INFO:root:Training loss: 0.0027487147599458694
INFO:root:Validation loss: 1.9801828861236572
INFO:root:Minimum training loss found in epoch 45
INFO:root:Epoch [46/100]...
INFO:root:Training loss: 0.0021307419519871473
INFO:root:Validation loss: 1.9855906963348389
INFO:root:Minimum training loss found in epoch 46
INFO:root:Epoch [47/100]...
INFO:root:Training loss: 0.0016361561138182878
INFO:root:Validation loss: 1.99043869972229
INFO:root:Minimum training loss found in epoch 47
INFO:root:Epoch [48/100]...
INFO:root:Training loss: 0.001277036964893341
INFO:root:Validation loss: 1.9946891069412231
INFO:root:Minimum training loss found in epoch 48
INFO:root:Epoch [49/100]...
INFO:root:Training loss: 0.0010304468451067805
INFO:root:Validation loss: 1.9982906579971313
INFO:root:Minimum training loss found in epoch 49
INFO:root:Epoch [50/100]...
INFO:root:Training loss: 0.0008659431478008628
INFO:root:Validation loss: 2.001211166381836
INFO:root:Minimum training loss found in epoch 50
INFO:root:Epoch [51/100]...
INFO:root:Training loss: 0.000759476562961936
INFO:root:Validation loss: 2.0035173892974854
INFO:root:Minimum training loss found in epoch 51
INFO:root:Epoch [52/100]...
INFO:root:Training loss: 0.0006916028214618564
INFO:root:Validation loss: 2.005061626434326
INFO:root:Minimum training loss found in epoch 52
INFO:root:Epoch [53/100]...
INFO:root:Training loss: 0.0006476022535935044
INFO:root:Validation loss: 2.005831003189087
INFO:root:Minimum training loss found in epoch 53
INFO:root:Epoch [54/100]...
INFO:root:Training loss: 0.0006195493624545634
INFO:root:Validation loss: 2.005826234817505
INFO:root:Minimum training loss found in epoch 54
INFO:root:Epoch [55/100]...
INFO:root:Training loss: 0.0006172164576128125
INFO:root:Validation loss: 2.0057315826416016
INFO:root:Minimum training loss found in epoch 55
INFO:root:Epoch [56/100]...
INFO:root:Training loss: 0.0006146195810288191
INFO:root:Validation loss: 2.0055487155914307
INFO:root:Minimum training loss found in epoch 56
INFO:root:Epoch [57/100]...
INFO:root:Training loss: 0.0006117420853115618
INFO:root:Validation loss: 2.0052802562713623
INFO:root:Minimum training loss found in epoch 57
INFO:root:Epoch [58/100]...
INFO:root:Training loss: 0.0006085651693865657
INFO:root:Validation loss: 2.0049259662628174
INFO:root:Minimum training loss found in epoch 58
INFO:root:Epoch [59/100]...
INFO:root:Training loss: 0.0006050756201148033
INFO:root:Validation loss: 2.0044875144958496
INFO:root:Minimum training loss found in epoch 59
INFO:root:Epoch [60/100]...
INFO:root:Training loss: 0.0006012684316374362
INFO:root:Validation loss: 2.003964900970459
INFO:root:Minimum training loss found in epoch 60
INFO:root:Epoch [61/100]...
INFO:root:Training loss: 0.000597139005549252
INFO:root:Validation loss: 2.00335955619812
INFO:root:Minimum training loss found in epoch 61
INFO:root:Epoch [62/100]...
INFO:root:Training loss: 0.0005926847225055099
INFO:root:Validation loss: 2.002675771713257
INFO:root:Minimum training loss found in epoch 62
INFO:root:Epoch [63/100]...
INFO:root:Training loss: 0.0005879155360162258
INFO:root:Validation loss: 2.00191068649292
INFO:root:Minimum training loss found in epoch 63
INFO:root:Epoch [64/100]...
INFO:root:Training loss: 0.0005828377325087786
INFO:root:Validation loss: 2.001068115234375
INFO:root:Minimum training loss found in epoch 64
INFO:root:Epoch [65/100]...
INFO:root:Training loss: 0.0005774624878540635
INFO:root:Validation loss: 2.000976085662842
INFO:root:Minimum training loss found in epoch 65
INFO:root:Epoch [66/100]...
INFO:root:Training loss: 0.0005768900737166405
INFO:root:Validation loss: 2.000875949859619
INFO:root:Minimum training loss found in epoch 66
INFO:root:Epoch [67/100]...
INFO:root:Training loss: 0.0005762759246863425
INFO:root:Validation loss: 2.000767469406128
INFO:root:Minimum training loss found in epoch 67
INFO:root:Epoch [68/100]...
INFO:root:Training loss: 0.0005756221944466233
INFO:root:Validation loss: 2.0006520748138428
INFO:root:Minimum training loss found in epoch 68
INFO:root:Epoch [69/100]...
INFO:root:Training loss: 0.0005749244592152536
INFO:root:Validation loss: 2.00052809715271
INFO:root:Minimum training loss found in epoch 69
INFO:root:Epoch [70/100]...
INFO:root:Training loss: 0.0005741836503148079
INFO:root:Validation loss: 2.0003957748413086
INFO:root:Minimum training loss found in epoch 70
INFO:root:Epoch [71/100]...
INFO:root:Training loss: 0.0005733997095376253
INFO:root:Validation loss: 2.000253200531006
INFO:root:Minimum training loss found in epoch 71
INFO:root:Epoch [72/100]...
INFO:root:Training loss: 0.0005725703667849302
INFO:root:Validation loss: 2.0001027584075928
INFO:root:Minimum training loss found in epoch 72
INFO:root:Epoch [73/100]...
INFO:root:Training loss: 0.0005716911982744932
INFO:root:Validation loss: 1.999943733215332
INFO:root:Minimum training loss found in epoch 73
INFO:root:Epoch [74/100]...
INFO:root:Training loss: 0.0005707679083570838
INFO:root:Validation loss: 1.999776005744934
INFO:root:Minimum training loss found in epoch 74
INFO:root:Epoch [75/100]...
INFO:root:Training loss: 0.000569793104659766
INFO:root:Validation loss: 1.999598741531372
INFO:root:Minimum training loss found in epoch 75
INFO:root:Epoch [76/100]...
INFO:root:Training loss: 0.0005687667289748788
INFO:root:Validation loss: 1.999579668045044
INFO:root:Minimum training loss found in epoch 76
INFO:root:Epoch [77/100]...
INFO:root:Training loss: 0.000568659626878798
INFO:root:Validation loss: 1.9995596408843994
INFO:root:Minimum training loss found in epoch 77
INFO:root:Epoch [78/100]...
INFO:root:Training loss: 0.0005685461219400167
INFO:root:Validation loss: 1.999538779258728
INFO:root:Minimum training loss found in epoch 78
INFO:root:Epoch [79/100]...
INFO:root:Training loss: 0.0005684249335899949
INFO:root:Validation loss: 1.999517560005188
INFO:root:Minimum training loss found in epoch 79
INFO:root:Epoch [80/100]...
INFO:root:Training loss: 0.0005682987393811345
INFO:root:Validation loss: 1.999494194984436
INFO:root:Minimum training loss found in epoch 80
INFO:root:Epoch [81/100]...
INFO:root:Training loss: 0.000568167888559401
INFO:root:Validation loss: 1.9994703531265259
INFO:root:Minimum training loss found in epoch 81
INFO:root:Epoch [82/100]...
INFO:root:Training loss: 0.0005680270260199904
INFO:root:Validation loss: 1.9994451999664307
INFO:root:Minimum training loss found in epoch 82
INFO:root:Epoch [83/100]...
INFO:root:Training loss: 0.000567880691960454
INFO:root:Validation loss: 1.999420166015625
INFO:root:Minimum training loss found in epoch 83
INFO:root:Epoch [84/100]...
INFO:root:Training loss: 0.000567728013265878
INFO:root:Validation loss: 1.9993916749954224
INFO:root:Minimum training loss found in epoch 84
INFO:root:Epoch [85/100]...
INFO:root:Training loss: 0.000567567883990705
INFO:root:Validation loss: 1.9993634223937988
INFO:root:Minimum training loss found in epoch 85
INFO:root:Epoch [86/100]...
INFO:root:Training loss: 0.0005673979176208377
INFO:root:Validation loss: 1.9993337392807007
INFO:root:Minimum training loss found in epoch 86
INFO:root:Epoch [87/100]...
INFO:root:Training loss: 0.0005672208499163389
INFO:root:Validation loss: 1.9993312358856201
INFO:root:Minimum training loss found in epoch 87
INFO:root:Epoch [88/100]...
INFO:root:Training loss: 0.0005672056577168405
INFO:root:Validation loss: 1.9993278980255127
INFO:root:Minimum training loss found in epoch 88
INFO:root:Epoch [89/100]...
INFO:root:Training loss: 0.0005671903491020203
INFO:root:Validation loss: 1.999323844909668
INFO:root:Minimum training loss found in epoch 89
INFO:root:Epoch [90/100]...
INFO:root:Training loss: 0.0005671731778420508
INFO:root:Validation loss: 1.9993207454681396
INFO:root:Minimum training loss found in epoch 90
INFO:root:Epoch [91/100]...
INFO:root:Training loss: 0.0005671546678058803
INFO:root:Validation loss: 1.999316930770874
INFO:root:Minimum training loss found in epoch 91
INFO:root:Epoch [92/100]...
INFO:root:Training loss: 0.0005671378457918763
INFO:root:Validation loss: 1.9993135929107666
INFO:root:Minimum training loss found in epoch 92
INFO:root:Epoch [93/100]...
INFO:root:Training loss: 0.0005671177641488612
INFO:root:Validation loss: 1.999309778213501
INFO:root:Minimum training loss found in epoch 93
INFO:root:Epoch [94/100]...
INFO:root:Training loss: 0.0005670944810844958
INFO:root:Validation loss: 1.9993054866790771
INFO:root:Minimum training loss found in epoch 94
INFO:root:Epoch [95/100]...
INFO:root:Training loss: 0.0005670727696269751
INFO:root:Validation loss: 1.999301552772522
INFO:root:Minimum training loss found in epoch 95
INFO:root:Epoch [96/100]...
INFO:root:Training loss: 0.0005670518148690462
INFO:root:Validation loss: 1.9992969036102295
INFO:root:Minimum training loss found in epoch 96
INFO:root:Epoch [97/100]...
INFO:root:Training loss: 0.0005670258542522788
INFO:root:Validation loss: 1.9992927312850952
INFO:root:Minimum training loss found in epoch 97
INFO:root:Epoch [98/100]...
INFO:root:Training loss: 0.000567000126466155
INFO:root:Validation loss: 1.999288558959961
INFO:root:Minimum training loss found in epoch 98
INFO:root:Epoch [99/100]...
INFO:root:Training loss: 0.0005669723032042384
INFO:root:Validation loss: 1.9992836713790894
INFO:root:Minimum training loss found in epoch 99
INFO:root:Epoch [100/100]...
INFO:root:Training loss: 0.0005669423844665289
INFO:root:Validation loss: 1.9992791414260864
INFO:root:Minimum training loss found in epoch 100
INFO:root:Finished training at 15-12-2017, 17:24:47.
