INFO:root:Started training at 17-12-2017, 17:25:42.
INFO:root:Epoch [1/10]...
INFO:root:Training loss: 6.488183617591858
INFO:root:Validation loss: 6.696962594985962
INFO:root:Minimum training loss found in epoch 1
INFO:root:Minimum validation loss found in epoch 1
INFO:root:Saving checkpoint at epoch 1...
INFO:root:Epoch [2/10]...
INFO:root:Training loss: 5.940134906768799
INFO:root:Validation loss: 6.315713882446289
INFO:root:Minimum training loss found in epoch 2
INFO:root:Minimum validation loss found in epoch 2
INFO:root:Saving checkpoint at epoch 2...
INFO:root:Epoch [3/10]...
INFO:root:Training loss: 5.325807356834412
INFO:root:Validation loss: 5.872499704360962
INFO:root:Minimum training loss found in epoch 3
INFO:root:Minimum validation loss found in epoch 3
INFO:root:Saving checkpoint at epoch 3...
INFO:root:Epoch [4/10]...
INFO:root:Training loss: 4.844112896919251
INFO:root:Validation loss: 5.527511119842529
INFO:root:Minimum training loss found in epoch 4
INFO:root:Minimum validation loss found in epoch 4
INFO:root:Saving checkpoint at epoch 4...
INFO:root:Epoch [5/10]...
