INFO:root:Started training at 17-12-2017, 10:21:07.
INFO:root:Epoch [1/50]...
INFO:root:Training loss: 1.2880088642185936
INFO:root:Validation loss: 1.1047308670211904
INFO:root:Minimum training loss found in epoch 1
INFO:root:Minimum validation loss found in epoch 1
INFO:root:Saving checkpoint at epoch 1...
INFO:root:Epoch [2/50]...
INFO:root:Training loss: 0.9892296188815591
INFO:root:Validation loss: 0.9242042209900437
INFO:root:Minimum training loss found in epoch 2
INFO:root:Minimum validation loss found in epoch 2
INFO:root:Saving checkpoint at epoch 2...
INFO:root:Epoch [3/50]...
INFO:root:Training loss: 0.9501797456110299
INFO:root:Validation loss: 0.8772614070980963
INFO:root:Minimum training loss found in epoch 3
INFO:root:Minimum validation loss found in epoch 3
INFO:root:Saving checkpoint at epoch 3...
INFO:root:Epoch [4/50]...
INFO:root:Training loss: 0.9478757659990926
INFO:root:Validation loss: 0.9366565521589021
INFO:root:Minimum training loss found in epoch 4
INFO:root:Epoch [5/50]...
INFO:root:Training loss: 0.9452857042169743
INFO:root:Validation loss: 0.9985783498787698
INFO:root:Minimum training loss found in epoch 5
INFO:root:Saving checkpoint at epoch 5...
INFO:root:Epoch [6/50]...
INFO:root:Training loss: 0.957354315137395
INFO:root:Validation loss: 1.0121742760894543
INFO:root:Epoch [7/50]...
INFO:root:Training loss: 0.9879625426734765
INFO:root:Validation loss: 0.9979454433309167
INFO:root:Epoch [8/50]...
INFO:root:Training loss: 0.9880946987263743
INFO:root:Validation loss: 1.114816009934399
INFO:root:Epoch [9/50]...
INFO:root:Training loss: 1.0021356534499446
INFO:root:Validation loss: 1.0385276910128285
INFO:root:Epoch [10/50]...
INFO:root:Training loss: 0.8537664069303312
INFO:root:Validation loss: 0.9134555958647083
INFO:root:Minimum training loss found in epoch 10
INFO:root:Saving checkpoint at epoch 10...
INFO:root:Epoch [11/50]...
INFO:root:Training loss: 0.8040863428926911
INFO:root:Validation loss: 0.8332338085086171
INFO:root:Minimum training loss found in epoch 11
INFO:root:Minimum validation loss found in epoch 11
INFO:root:Saving checkpoint at epoch 11...
INFO:root:Epoch [12/50]...
INFO:root:Training loss: 0.7685513868645815
INFO:root:Validation loss: 0.8024297330098294
INFO:root:Minimum training loss found in epoch 12
INFO:root:Minimum validation loss found in epoch 12
INFO:root:Saving checkpoint at epoch 12...
INFO:root:Epoch [13/50]...
INFO:root:Training loss: 0.760753119378062
INFO:root:Validation loss: 0.7973126839882789
INFO:root:Minimum training loss found in epoch 13
INFO:root:Minimum validation loss found in epoch 13
INFO:root:Saving checkpoint at epoch 13...
INFO:root:Epoch [14/50]...
INFO:root:Training loss: 0.7311326344821979
INFO:root:Validation loss: 0.8476939763653714
INFO:root:Minimum training loss found in epoch 14
INFO:root:Epoch [15/50]...
INFO:root:Training loss: 0.7192298745408304
INFO:root:Validation loss: 0.7948196583711477
INFO:root:Minimum training loss found in epoch 15
INFO:root:Minimum validation loss found in epoch 15
INFO:root:Saving checkpoint at epoch 15...
INFO:root:Epoch [16/50]...
INFO:root:Training loss: 0.6933685226372789
INFO:root:Validation loss: 0.832241018707107
INFO:root:Minimum training loss found in epoch 16
INFO:root:Epoch [17/50]...
INFO:root:Training loss: 0.6795590358156853
INFO:root:Validation loss: 0.7934297320182058
INFO:root:Minimum training loss found in epoch 17
INFO:root:Minimum validation loss found in epoch 17
INFO:root:Saving checkpoint at epoch 17...
INFO:root:Epoch [18/50]...
INFO:root:Training loss: 0.6472952808361966
INFO:root:Validation loss: 0.8420267719195945
INFO:root:Minimum training loss found in epoch 18
INFO:root:Epoch [19/50]...
INFO:root:Training loss: 0.6305398376866944
INFO:root:Validation loss: 0.7607765736985989
INFO:root:Minimum training loss found in epoch 19
INFO:root:Minimum validation loss found in epoch 19
INFO:root:Saving checkpoint at epoch 19...
INFO:root:Epoch [20/50]...
INFO:root:Training loss: 0.6220040620171935
INFO:root:Validation loss: 0.8529780716318817
INFO:root:Minimum training loss found in epoch 20
INFO:root:Saving checkpoint at epoch 20...
INFO:root:Epoch [21/50]...
INFO:root:Training loss: 0.6057405106705478
INFO:root:Validation loss: 0.8654618636765782
INFO:root:Minimum training loss found in epoch 21
INFO:root:Epoch [22/50]...
INFO:root:Training loss: 0.5962641542870939
INFO:root:Validation loss: 0.8552546273503693
INFO:root:Minimum training loss found in epoch 22
INFO:root:Epoch [23/50]...
INFO:root:Training loss: 0.5796756624389912
INFO:root:Validation loss: 0.8456559687757665
INFO:root:Minimum training loss found in epoch 23
INFO:root:Epoch [24/50]...
INFO:root:Training loss: 0.5708794973769113
INFO:root:Validation loss: 0.8763707723353166
INFO:root:Minimum training loss found in epoch 24
INFO:root:Epoch [25/50]...
INFO:root:Training loss: 0.559546666276094
INFO:root:Validation loss: 0.9230673965861452
INFO:root:Minimum training loss found in epoch 25
INFO:root:Saving checkpoint at epoch 25...
INFO:root:Epoch [26/50]...
INFO:root:Training loss: 0.4986977295315302
INFO:root:Validation loss: 0.9250044802565865
INFO:root:Minimum training loss found in epoch 26
INFO:root:Epoch [27/50]...
INFO:root:Training loss: 0.4736718707560661
INFO:root:Validation loss: 0.9089909752773985
INFO:root:Minimum training loss found in epoch 27
INFO:root:Epoch [28/50]...
INFO:root:Training loss: 0.472452771014111
INFO:root:Validation loss: 0.9326502552320325
INFO:root:Minimum training loss found in epoch 28
INFO:root:Epoch [29/50]...
INFO:root:Training loss: 0.4636997521792932
INFO:root:Validation loss: 0.952186367039403
INFO:root:Minimum training loss found in epoch 29
INFO:root:Epoch [30/50]...
INFO:root:Training loss: 0.45548303259631134
INFO:root:Validation loss: 0.9429427358997039
INFO:root:Minimum training loss found in epoch 30
INFO:root:Saving checkpoint at epoch 30...
INFO:root:Ten epochs with no improvement have passed. Stopping training...
INFO:root:Finished training at 17-12-2017, 15:53:48.
