INFO:root:Started training at 17-12-2017, 10:55:39.
INFO:root:Epoch [1/50]...
INFO:root:Training loss: 5.884301662445068
INFO:root:Validation loss: 7.578927993774414
INFO:root:Minimum training loss found in epoch 1
INFO:root:Minimum validation loss found in epoch 1
INFO:root:Epoch [2/50]...
INFO:root:Training loss: 5.864226818084717
INFO:root:Validation loss: 7.574337959289551
INFO:root:Minimum training loss found in epoch 2
INFO:root:Minimum validation loss found in epoch 2
INFO:root:Epoch [3/50]...
INFO:root:Training loss: 5.843498229980469
INFO:root:Validation loss: 7.519050121307373
INFO:root:Minimum training loss found in epoch 3
INFO:root:Minimum validation loss found in epoch 3
INFO:root:Epoch [4/50]...
INFO:root:Training loss: 5.856203079223633
INFO:root:Validation loss: 7.472080230712891
INFO:root:Minimum validation loss found in epoch 4
INFO:root:Epoch [5/50]...
INFO:root:Training loss: 5.654815196990967
INFO:root:Validation loss: 7.376791954040527
INFO:root:Minimum training loss found in epoch 5
INFO:root:Minimum validation loss found in epoch 5
INFO:root:Epoch [6/50]...
INFO:root:Training loss: 5.471463203430176
INFO:root:Validation loss: 8.73218059539795
INFO:root:Minimum training loss found in epoch 6
INFO:root:Epoch [7/50]...
INFO:root:Training loss: 5.080111503601074
INFO:root:Validation loss: 10.200944900512695
INFO:root:Minimum training loss found in epoch 7
INFO:root:Epoch [8/50]...
INFO:root:Training loss: 4.392885208129883
INFO:root:Validation loss: 10.40900993347168
INFO:root:Minimum training loss found in epoch 8
INFO:root:Epoch [9/50]...
INFO:root:Training loss: 5.4428205490112305
INFO:root:Validation loss: 9.611688613891602
INFO:root:Epoch [10/50]...
INFO:root:Training loss: 4.821276664733887
INFO:root:Validation loss: 8.957780838012695
INFO:root:Epoch [11/50]...
INFO:root:Training loss: 4.635005950927734
INFO:root:Validation loss: 8.451597213745117
INFO:root:Epoch [12/50]...
INFO:root:Training loss: 4.510018348693848
INFO:root:Validation loss: 8.340568542480469
INFO:root:Epoch [13/50]...
INFO:root:Training loss: 4.528159141540527
INFO:root:Validation loss: 8.47575855255127
INFO:root:Epoch [14/50]...
INFO:root:Training loss: 4.655691146850586
INFO:root:Validation loss: 8.6299467086792
INFO:root:Epoch [15/50]...
INFO:root:Training loss: 4.024306774139404
INFO:root:Validation loss: 9.075828552246094
INFO:root:Minimum training loss found in epoch 15
INFO:root:Epoch [16/50]...
INFO:root:Training loss: 4.190464973449707
INFO:root:Validation loss: 8.93468189239502
INFO:root:Ten epochs with no improvement have passed. Stopping training...
INFO:root:Finished training at 17-12-2017, 10:55:49.
