INFO:root:Started training at 17-12-2017, 11:18:58.
INFO:root:Epoch [1/50]...
INFO:root:Training loss: 5.8873748779296875
INFO:root:Validation loss: 7.615096092224121
INFO:root:Minimum training loss found in epoch 1
INFO:root:Minimum validation loss found in epoch 1
INFO:root:Saving checkpoint at epoch 1...
INFO:root:Epoch [2/50]...
INFO:root:Training loss: 5.8594770431518555
INFO:root:Validation loss: 7.59181547164917
INFO:root:Minimum training loss found in epoch 2
INFO:root:Minimum validation loss found in epoch 2
INFO:root:Saving checkpoint at epoch 2...
INFO:root:Epoch [3/50]...
INFO:root:Training loss: 5.832319259643555
INFO:root:Validation loss: 7.584934234619141
INFO:root:Minimum training loss found in epoch 3
INFO:root:Minimum validation loss found in epoch 3
INFO:root:Saving checkpoint at epoch 3...
INFO:root:Epoch [4/50]...
INFO:root:Training loss: 5.742779731750488
INFO:root:Validation loss: 7.561973571777344
INFO:root:Minimum training loss found in epoch 4
INFO:root:Minimum validation loss found in epoch 4
INFO:root:Saving checkpoint at epoch 4...
INFO:root:Epoch [5/50]...
INFO:root:Training loss: 5.681327819824219
INFO:root:Validation loss: 7.890701770782471
INFO:root:Minimum training loss found in epoch 5
INFO:root:Saving checkpoint at epoch 5...
INFO:root:Epoch [6/50]...
INFO:root:Training loss: 4.9094743728637695
INFO:root:Validation loss: 10.801977157592773
INFO:root:Minimum training loss found in epoch 6
INFO:root:Epoch [7/50]...
INFO:root:Training loss: 6.185088157653809
INFO:root:Validation loss: 9.184425354003906
INFO:root:Epoch [8/50]...
INFO:root:Training loss: 4.944401741027832
INFO:root:Validation loss: 8.699311256408691
INFO:root:Epoch [9/50]...
INFO:root:Training loss: 4.800799369812012
INFO:root:Validation loss: 8.784164428710938
INFO:root:Minimum training loss found in epoch 9
INFO:root:Epoch [10/50]...
INFO:root:Training loss: 4.783720016479492
INFO:root:Validation loss: 8.963240623474121
INFO:root:Minimum training loss found in epoch 10
INFO:root:Saving checkpoint at epoch 10...
INFO:root:Epoch [11/50]...
INFO:root:Training loss: 4.271557807922363
INFO:root:Validation loss: 8.877750396728516
INFO:root:Minimum training loss found in epoch 11
INFO:root:Epoch [12/50]...
INFO:root:Training loss: 4.351490020751953
INFO:root:Validation loss: 8.811552047729492
INFO:root:Epoch [13/50]...
INFO:root:Training loss: 5.047804832458496
INFO:root:Validation loss: 9.298311233520508
INFO:root:Epoch [14/50]...
INFO:root:Training loss: 4.388070106506348
INFO:root:Validation loss: 9.351457595825195
INFO:root:Epoch [15/50]...
INFO:root:Training loss: 4.584984302520752
INFO:root:Validation loss: 8.689674377441406
INFO:root:Saving checkpoint at epoch 15...
INFO:root:Ten epochs with no improvement have passed. Stopping training...
INFO:root:Finished training at 17-12-2017, 11:19:10.
