INFO:root:Started training at 16-12-2017, 17:13:11.
INFO:root:Epoch [1/50]...
INFO:root:Training loss: 5.885159492492676
INFO:root:Validation loss: 7.586231231689453
INFO:root:Minimum training loss found in epoch 1
INFO:root:Minimum validation loss found in epoch 1
INFO:root:Epoch [2/50]...
INFO:root:Training loss: 5.849880695343018
INFO:root:Validation loss: 7.567098140716553
INFO:root:Minimum training loss found in epoch 2
INFO:root:Minimum validation loss found in epoch 2
INFO:root:Epoch [3/50]...
INFO:root:Training loss: 5.800810813903809
INFO:root:Validation loss: 7.527507781982422
INFO:root:Minimum training loss found in epoch 3
INFO:root:Minimum validation loss found in epoch 3
INFO:root:Epoch [4/50]...
INFO:root:Training loss: 5.701103210449219
INFO:root:Validation loss: 7.449780464172363
INFO:root:Minimum training loss found in epoch 4
INFO:root:Minimum validation loss found in epoch 4
INFO:root:Epoch [5/50]...
INFO:root:Training loss: 5.472801208496094
INFO:root:Validation loss: 7.432455062866211
INFO:root:Minimum training loss found in epoch 5
INFO:root:Minimum validation loss found in epoch 5
INFO:root:Epoch [6/50]...
INFO:root:Training loss: 4.992119789123535
INFO:root:Validation loss: 8.327123641967773
INFO:root:Minimum training loss found in epoch 6
INFO:root:Epoch [7/50]...
INFO:root:Training loss: 4.324247360229492
INFO:root:Validation loss: 11.186885833740234
INFO:root:Minimum training loss found in epoch 7
INFO:root:Epoch [8/50]...
INFO:root:Training loss: 3.8498973846435547
INFO:root:Validation loss: 14.540167808532715
INFO:root:Minimum training loss found in epoch 8
INFO:root:Epoch [9/50]...
INFO:root:Training loss: 3.509014129638672
INFO:root:Validation loss: 19.49791717529297
INFO:root:Minimum training loss found in epoch 9
INFO:root:Epoch [10/50]...
INFO:root:Training loss: 4.742545127868652
INFO:root:Validation loss: 19.285497665405273
INFO:root:Epoch [11/50]...
INFO:root:Training loss: 3.9177396297454834
INFO:root:Validation loss: 20.480690002441406
INFO:root:Epoch [12/50]...
INFO:root:Training loss: 4.218986988067627
INFO:root:Validation loss: 20.49640464782715
INFO:root:Epoch [13/50]...
INFO:root:Training loss: 4.160121440887451
INFO:root:Validation loss: 20.421777725219727
INFO:root:Epoch [14/50]...
INFO:root:Training loss: 4.022129535675049
INFO:root:Validation loss: 20.289321899414062
INFO:root:Epoch [15/50]...
INFO:root:Training loss: 3.8347437381744385
INFO:root:Validation loss: 20.126249313354492
INFO:root:Epoch [16/50]...
INFO:root:Training loss: 3.6218113899230957
INFO:root:Validation loss: 19.955711364746094
INFO:root:Ten epochs with no improvement have passed. Stopping training...
INFO:root:Finished training at 16-12-2017, 17:13:18.
