INFO:root:Started training at 17-12-2017, 16:29:35.
INFO:root:Epoch [1/10]...
INFO:root:Training loss: 1.67187026768298
INFO:root:Validation loss: 1.4122581340163882
INFO:root:Minimum training loss found in epoch 1
INFO:root:Minimum validation loss found in epoch 1
INFO:root:Saving checkpoint at epoch 1...
INFO:root:Epoch [2/10]...
INFO:root:Training loss: 1.2090960323623745
INFO:root:Validation loss: 1.2651631245122537
INFO:root:Minimum training loss found in epoch 2
INFO:root:Minimum validation loss found in epoch 2
INFO:root:Saving checkpoint at epoch 2...
INFO:root:Epoch [3/10]...
INFO:root:Training loss: 1.116743305340464
INFO:root:Validation loss: 1.2396964938500574
INFO:root:Minimum training loss found in epoch 3
INFO:root:Minimum validation loss found in epoch 3
INFO:root:Saving checkpoint at epoch 3...
INFO:root:Epoch [4/10]...
INFO:root:Training loss: 1.0736695237589238
INFO:root:Validation loss: 1.2227091310092835
INFO:root:Minimum training loss found in epoch 4
INFO:root:Minimum validation loss found in epoch 4
INFO:root:Saving checkpoint at epoch 4...
INFO:root:Epoch [5/10]...
INFO:root:Training loss: 1.0669614533287604
INFO:root:Validation loss: 1.2539823094997158
INFO:root:Minimum training loss found in epoch 5
INFO:root:Saving checkpoint at epoch 5...
INFO:root:Epoch [6/10]...
INFO:root:Training loss: 1.0690233907408166
INFO:root:Validation loss: 1.264630011426992
INFO:root:Epoch [7/10]...
INFO:root:Training loss: 1.072402331475896
INFO:root:Validation loss: 1.2144425295058334
INFO:root:Minimum validation loss found in epoch 7
INFO:root:Saving checkpoint at epoch 7...
INFO:root:Epoch [8/10]...
INFO:root:Training loss: 1.0844935999493708
INFO:root:Validation loss: 1.26278036202727
INFO:root:Epoch [9/10]...
INFO:root:Training loss: 1.079493330845876
INFO:root:Validation loss: 1.238409136125367
INFO:root:Epoch [10/10]...
INFO:root:Training loss: 1.1011977460871119
INFO:root:Validation loss: 1.3255354832657216
INFO:root:Saving checkpoint at epoch 10...
INFO:root:Finished training at 17-12-2017, 17:51:34.
