INFO:root:Started training at 16-12-2017, 00:01:15.
INFO:root:Epoch [1/50]...
INFO:root:Training loss: 0.9717564025003766
INFO:root:Validation loss: 0.6943141606175316
INFO:root:Minimum training loss found in epoch 1
INFO:root:Minimum validation loss found in epoch 1
INFO:root:Epoch [2/50]...
INFO:root:Training loss: 0.6852223375902275
INFO:root:Validation loss: 0.6783807807725524
INFO:root:Minimum training loss found in epoch 2
INFO:root:Minimum validation loss found in epoch 2
INFO:root:Epoch [3/50]...
INFO:root:Training loss: 0.6426989218099245
INFO:root:Validation loss: 0.7089513517214223
INFO:root:Minimum training loss found in epoch 3
INFO:root:Epoch [4/50]...
INFO:root:Training loss: 0.6172745373942006
INFO:root:Validation loss: 0.7078271288856363
INFO:root:Minimum training loss found in epoch 4
INFO:root:Epoch [5/50]...
INFO:root:Training loss: 0.5959461097677436
INFO:root:Validation loss: 0.7001781209147605
INFO:root:Minimum training loss found in epoch 5
INFO:root:Epoch [6/50]...
INFO:root:Training loss: 0.5844249192471276
INFO:root:Validation loss: 0.7584212731167436
INFO:root:Minimum training loss found in epoch 6
INFO:root:Epoch [7/50]...
INFO:root:Training loss: 0.5823001642774646
INFO:root:Validation loss: 0.7068268115732519
INFO:root:Minimum training loss found in epoch 7
INFO:root:Epoch [8/50]...
INFO:root:Training loss: 0.5790908430618854
INFO:root:Validation loss: 0.7362967061876331
INFO:root:Minimum training loss found in epoch 8
INFO:root:Epoch [9/50]...
INFO:root:Training loss: 0.4578017341383557
INFO:root:Validation loss: 0.8035017048795252
INFO:root:Minimum training loss found in epoch 9
INFO:root:Epoch [10/50]...
INFO:root:Training loss: 0.41376246036687986
INFO:root:Validation loss: 0.8675788822841802
INFO:root:Minimum training loss found in epoch 10
INFO:root:Epoch [11/50]...
INFO:root:Training loss: 0.39123088468596134
INFO:root:Validation loss: 0.9346156058570645
INFO:root:Minimum training loss found in epoch 11
INFO:root:Epoch [12/50]...
INFO:root:Training loss: 0.37148339552547804
INFO:root:Validation loss: 0.990055342522139
INFO:root:Minimum training loss found in epoch 12
INFO:root:Epoch [13/50]...
INFO:root:Training loss: 0.3542376670042408
INFO:root:Validation loss: 1.0636062392046297
INFO:root:Minimum training loss found in epoch 13
INFO:root:Ten epochs with no improvement have passed. Stopping training...
INFO:root:Finished training at 16-12-2017, 01:39:14.
