INFO:root:Started training at 16-12-2017, 00:14:22.
INFO:root:Epoch [1/100]...
INFO:root:Training loss: 5.045405349063194
INFO:root:Validation loss: 16.857160356559582
INFO:root:Minimum training loss found in epoch 1
INFO:root:Minimum validation loss found in epoch 1
INFO:root:Epoch [2/100]...
INFO:root:Training loss: 4.288361276873911
INFO:root:Validation loss: 4.760791786346817
INFO:root:Minimum training loss found in epoch 2
INFO:root:Minimum validation loss found in epoch 2
INFO:root:Epoch [3/100]...
INFO:root:Training loss: 2.999929254182665
INFO:root:Validation loss: 4.329449826136624
INFO:root:Minimum training loss found in epoch 3
INFO:root:Minimum validation loss found in epoch 3
INFO:root:Epoch [4/100]...
INFO:root:Training loss: 2.2937241953296263
INFO:root:Validation loss: 4.304595963467364
INFO:root:Minimum training loss found in epoch 4
INFO:root:Minimum validation loss found in epoch 4
INFO:root:Epoch [5/100]...
INFO:root:Training loss: 1.847884484556034
INFO:root:Validation loss: 4.3337744151027895
INFO:root:Minimum training loss found in epoch 5
INFO:root:Epoch [6/100]...
INFO:root:Training loss: 1.630788812809565
INFO:root:Validation loss: 3.0804880462125537
INFO:root:Minimum training loss found in epoch 6
INFO:root:Minimum validation loss found in epoch 6
INFO:root:Epoch [7/100]...
INFO:root:Training loss: 1.3288797201055287
INFO:root:Validation loss: 3.968192803587101
INFO:root:Minimum training loss found in epoch 7
INFO:root:Epoch [8/100]...
