INFO:root:Started training at 16-12-2017, 00:06:19.
INFO:root:Epoch [1/100]...
INFO:root:Training loss: 5.024977877413185
INFO:root:Validation loss: 10.14184030713102
INFO:root:Minimum training loss found in epoch 1
INFO:root:Minimum validation loss found in epoch 1
INFO:root:Epoch [2/100]...
INFO:root:Training loss: 4.091974302320741
INFO:root:Validation loss: 4.998210267489776
INFO:root:Minimum training loss found in epoch 2
INFO:root:Minimum validation loss found in epoch 2
INFO:root:Epoch [3/100]...
INFO:root:Training loss: 2.9855381878331535
INFO:root:Validation loss: 4.93154925769486
INFO:root:Minimum training loss found in epoch 3
INFO:root:Minimum validation loss found in epoch 3
INFO:root:Epoch [4/100]...
INFO:root:Training loss: 2.337416025500206
INFO:root:Validation loss: 3.6519737522525246
INFO:root:Minimum training loss found in epoch 4
INFO:root:Minimum validation loss found in epoch 4
INFO:root:Epoch [5/100]...
INFO:root:Training loss: 1.9053230507879562
INFO:root:Validation loss: 3.76361383883127
INFO:root:Minimum training loss found in epoch 5
INFO:root:Epoch [6/100]...
INFO:root:Training loss: 1.593295754497919
INFO:root:Validation loss: 3.2885341656161473
INFO:root:Minimum training loss found in epoch 6
INFO:root:Minimum validation loss found in epoch 6
INFO:root:Epoch [7/100]...
INFO:root:Training loss: 1.363291018319878
INFO:root:Validation loss: 4.314864707874949
INFO:root:Minimum training loss found in epoch 7
INFO:root:Epoch [8/100]...
INFO:root:Training loss: 1.1332989630897317
INFO:root:Validation loss: 3.1335041804341017
INFO:root:Minimum training loss found in epoch 8
INFO:root:Minimum validation loss found in epoch 8
INFO:root:Epoch [9/100]...
INFO:root:Training loss: 0.9113507009461137
INFO:root:Validation loss: 3.1249180972226895
INFO:root:Minimum training loss found in epoch 9
INFO:root:Minimum validation loss found in epoch 9
INFO:root:Epoch [10/100]...
INFO:root:Training loss: 0.8322126010324129
INFO:root:Validation loss: 2.491100606918917
INFO:root:Minimum training loss found in epoch 10
INFO:root:Minimum validation loss found in epoch 10
INFO:root:Epoch [11/100]...
INFO:root:Training loss: 0.6701890254582782
INFO:root:Validation loss: 2.660315773250164
INFO:root:Minimum training loss found in epoch 11
INFO:root:Epoch [12/100]...
INFO:root:Training loss: 0.6358107189165446
INFO:root:Validation loss: 2.940214918472293
INFO:root:Minimum training loss found in epoch 12
INFO:root:Epoch [13/100]...
INFO:root:Training loss: 0.550170135366269
INFO:root:Validation loss: 3.2252024874436755
INFO:root:Minimum training loss found in epoch 13
INFO:root:Epoch [14/100]...
INFO:root:Training loss: 0.4944998896546787
INFO:root:Validation loss: 3.525144214124373
INFO:root:Minimum training loss found in epoch 14
INFO:root:Twenty epochs with no improvement have passed. Stopping training...
INFO:root:Finished training at 16-12-2017, 00:12:23.
