INFO:root:Started training at 15-12-2017, 19:10:15.
INFO:root:Epoch [1/100]...
INFO:root:Training loss: 5.887458801269531
INFO:root:Validation loss: 5.852046012878418
INFO:root:Minimum training loss found in epoch 1
INFO:root:Minimum validation loss found in epoch 1
INFO:root:Epoch [2/100]...
INFO:root:Training loss: 5.848465442657471
INFO:root:Validation loss: 5.797435760498047
INFO:root:Minimum training loss found in epoch 2
INFO:root:Minimum validation loss found in epoch 2
INFO:root:Epoch [3/100]...
INFO:root:Training loss: 5.798272132873535
INFO:root:Validation loss: 5.698930740356445
INFO:root:Minimum training loss found in epoch 3
INFO:root:Minimum validation loss found in epoch 3
INFO:root:Epoch [4/100]...
INFO:root:Training loss: 5.695261001586914
INFO:root:Validation loss: 5.469089984893799
INFO:root:Minimum training loss found in epoch 4
INFO:root:Minimum validation loss found in epoch 4
INFO:root:Epoch [5/100]...
INFO:root:Training loss: 5.462608337402344
INFO:root:Validation loss: 4.99804162979126
INFO:root:Minimum training loss found in epoch 5
INFO:root:Minimum validation loss found in epoch 5
INFO:root:Epoch [6/100]...
INFO:root:Training loss: 4.975478172302246
INFO:root:Validation loss: 4.457779884338379
INFO:root:Minimum training loss found in epoch 6
INFO:root:Minimum validation loss found in epoch 6
INFO:root:Epoch [7/100]...
INFO:root:Training loss: 4.389159202575684
INFO:root:Validation loss: 4.237064361572266
INFO:root:Minimum training loss found in epoch 7
INFO:root:Minimum validation loss found in epoch 7
INFO:root:Epoch [8/100]...
INFO:root:Training loss: 4.099118232727051
INFO:root:Validation loss: 4.373553276062012
INFO:root:Minimum training loss found in epoch 8
INFO:root:Epoch [9/100]...
INFO:root:Training loss: 4.0144243240356445
INFO:root:Validation loss: 4.0840559005737305
INFO:root:Minimum training loss found in epoch 9
INFO:root:Minimum validation loss found in epoch 9
INFO:root:Epoch [10/100]...
INFO:root:Training loss: 3.907846689224243
INFO:root:Validation loss: 3.8918213844299316
INFO:root:Minimum training loss found in epoch 10
INFO:root:Minimum validation loss found in epoch 10
INFO:root:Epoch [11/100]...
INFO:root:Training loss: 3.7404017448425293
INFO:root:Validation loss: 3.3662843704223633
INFO:root:Minimum training loss found in epoch 11
INFO:root:Minimum validation loss found in epoch 11
INFO:root:Epoch [12/100]...
INFO:root:Training loss: 3.2496116161346436
INFO:root:Validation loss: 3.682537317276001
INFO:root:Minimum training loss found in epoch 12
INFO:root:Epoch [13/100]...
INFO:root:Training loss: 3.134852647781372
INFO:root:Validation loss: 3.706717014312744
INFO:root:Minimum training loss found in epoch 13
INFO:root:Epoch [14/100]...
INFO:root:Training loss: 2.9601893424987793
INFO:root:Validation loss: 2.939739227294922
INFO:root:Minimum training loss found in epoch 14
INFO:root:Minimum validation loss found in epoch 14
INFO:root:Epoch [15/100]...
INFO:root:Training loss: 2.786126136779785
INFO:root:Validation loss: 2.7595772743225098
INFO:root:Minimum training loss found in epoch 15
INFO:root:Minimum validation loss found in epoch 15
INFO:root:Epoch [16/100]...
INFO:root:Training loss: 2.5918147563934326
INFO:root:Validation loss: 2.9207634925842285
INFO:root:Minimum training loss found in epoch 16
INFO:root:Epoch [17/100]...
INFO:root:Training loss: 2.3591322898864746
INFO:root:Validation loss: 2.7340216636657715
INFO:root:Minimum training loss found in epoch 17
INFO:root:Minimum validation loss found in epoch 17
INFO:root:Epoch [18/100]...
INFO:root:Training loss: 2.17218017578125
INFO:root:Validation loss: 2.438910722732544
INFO:root:Minimum training loss found in epoch 18
INFO:root:Minimum validation loss found in epoch 18
INFO:root:Epoch [19/100]...
INFO:root:Training loss: 1.935056209564209
INFO:root:Validation loss: 2.1473751068115234
INFO:root:Minimum training loss found in epoch 19
INFO:root:Minimum validation loss found in epoch 19
INFO:root:Epoch [20/100]...
INFO:root:Training loss: 1.6445233821868896
INFO:root:Validation loss: 1.7999262809753418
INFO:root:Minimum training loss found in epoch 20
INFO:root:Minimum validation loss found in epoch 20
INFO:root:Epoch [21/100]...
INFO:root:Training loss: 1.5028034448623657
INFO:root:Validation loss: 1.6657295227050781
INFO:root:Minimum training loss found in epoch 21
INFO:root:Minimum validation loss found in epoch 21
INFO:root:Epoch [22/100]...
INFO:root:Training loss: 1.281914234161377
INFO:root:Validation loss: 1.7894253730773926
INFO:root:Minimum training loss found in epoch 22
INFO:root:Epoch [23/100]...
INFO:root:Training loss: 1.1046240329742432
INFO:root:Validation loss: 1.2273247241973877
INFO:root:Minimum training loss found in epoch 23
INFO:root:Minimum validation loss found in epoch 23
INFO:root:Epoch [24/100]...
INFO:root:Training loss: 0.8332021236419678
INFO:root:Validation loss: 1.0916080474853516
INFO:root:Minimum training loss found in epoch 24
INFO:root:Minimum validation loss found in epoch 24
INFO:root:Epoch [25/100]...
INFO:root:Training loss: 0.7414439916610718
INFO:root:Validation loss: 0.958370566368103
INFO:root:Minimum training loss found in epoch 25
INFO:root:Minimum validation loss found in epoch 25
INFO:root:Epoch [26/100]...
INFO:root:Training loss: 0.6241241693496704
INFO:root:Validation loss: 1.6792988777160645
INFO:root:Minimum training loss found in epoch 26
INFO:root:Epoch [27/100]...
INFO:root:Training loss: 0.48729920387268066
INFO:root:Validation loss: 0.8064388036727905
INFO:root:Minimum training loss found in epoch 27
INFO:root:Minimum validation loss found in epoch 27
INFO:root:Epoch [28/100]...
INFO:root:Training loss: 0.40406468510627747
INFO:root:Validation loss: 0.7619162797927856
INFO:root:Minimum training loss found in epoch 28
INFO:root:Minimum validation loss found in epoch 28
INFO:root:Epoch [29/100]...
INFO:root:Training loss: 0.3204633593559265
INFO:root:Validation loss: 0.8124215602874756
INFO:root:Minimum training loss found in epoch 29
INFO:root:Epoch [30/100]...
INFO:root:Training loss: 0.2520762085914612
INFO:root:Validation loss: 0.7994465231895447
INFO:root:Minimum training loss found in epoch 30
INFO:root:Epoch [31/100]...
INFO:root:Training loss: 0.156014546751976
INFO:root:Validation loss: 0.919931173324585
INFO:root:Minimum training loss found in epoch 31
INFO:root:Epoch [32/100]...
INFO:root:Training loss: 0.16313236951828003
INFO:root:Validation loss: 1.0692251920700073
INFO:root:Epoch [33/100]...
INFO:root:Training loss: 0.08465901017189026
INFO:root:Validation loss: 1.4669207334518433
INFO:root:Minimum training loss found in epoch 33
INFO:root:Epoch [34/100]...
INFO:root:Training loss: 0.18753747642040253
INFO:root:Validation loss: 1.2398320436477661
INFO:root:Epoch [35/100]...
INFO:root:Training loss: 0.21585342288017273
INFO:root:Validation loss: 1.2505677938461304
INFO:root:Epoch [36/100]...
INFO:root:Training loss: 0.036042265594005585
INFO:root:Validation loss: 1.6361082792282104
INFO:root:Minimum training loss found in epoch 36
INFO:root:Epoch [37/100]...
INFO:root:Training loss: 0.06737661361694336
INFO:root:Validation loss: 1.787498950958252
INFO:root:Epoch [38/100]...
INFO:root:Training loss: 0.02891811914741993
INFO:root:Validation loss: 1.8025294542312622
INFO:root:Minimum training loss found in epoch 38
INFO:root:Epoch [39/100]...
INFO:root:Training loss: 0.01054835319519043
INFO:root:Validation loss: 1.764394760131836
INFO:root:Minimum training loss found in epoch 39
INFO:root:Epoch [40/100]...
INFO:root:Training loss: 0.01441248133778572
INFO:root:Validation loss: 1.752439260482788
INFO:root:Epoch [41/100]...
INFO:root:Training loss: 0.014390163123607635
INFO:root:Validation loss: 1.7330350875854492
INFO:root:Epoch [42/100]...
INFO:root:Training loss: 0.013357979245483875
INFO:root:Validation loss: 1.7090815305709839
INFO:root:Epoch [43/100]...
INFO:root:Training loss: 0.011783692054450512
INFO:root:Validation loss: 1.6830722093582153
INFO:root:Epoch [44/100]...
INFO:root:Training loss: 0.01006233599036932
INFO:root:Validation loss: 1.6574578285217285
INFO:root:Minimum training loss found in epoch 44
INFO:root:Epoch [45/100]...
INFO:root:Training loss: 0.008430922403931618
INFO:root:Validation loss: 1.6336642503738403
INFO:root:Minimum training loss found in epoch 45
INFO:root:Epoch [46/100]...
INFO:root:Training loss: 0.007001317106187344
INFO:root:Validation loss: 1.612471580505371
INFO:root:Minimum training loss found in epoch 46
INFO:root:Epoch [47/100]...
INFO:root:Training loss: 0.005805589258670807
INFO:root:Validation loss: 1.5940929651260376
INFO:root:Minimum training loss found in epoch 47
INFO:root:Epoch [48/100]...
INFO:root:Training loss: 0.004847060889005661
INFO:root:Validation loss: 1.5784246921539307
INFO:root:Minimum training loss found in epoch 48
INFO:root:Epoch [49/100]...
INFO:root:Training loss: 0.00411900645121932
INFO:root:Validation loss: 1.5651816129684448
INFO:root:Minimum training loss found in epoch 49
INFO:root:Epoch [50/100]...
INFO:root:Training loss: 0.003596826456487179
INFO:root:Validation loss: 1.553962230682373
INFO:root:Minimum training loss found in epoch 50
INFO:root:Epoch [51/100]...
INFO:root:Training loss: 0.003252009628340602
INFO:root:Validation loss: 1.552960991859436
INFO:root:Minimum training loss found in epoch 51
INFO:root:Epoch [52/100]...
INFO:root:Training loss: 0.0032248017378151417
INFO:root:Validation loss: 1.5520366430282593
INFO:root:Minimum training loss found in epoch 52
INFO:root:Epoch [53/100]...
INFO:root:Training loss: 0.003196579869836569
INFO:root:Validation loss: 1.5511771440505981
INFO:root:Minimum training loss found in epoch 53
INFO:root:Epoch [54/100]...
INFO:root:Training loss: 0.003167172893881798
INFO:root:Validation loss: 1.5503814220428467
INFO:root:Minimum training loss found in epoch 54
INFO:root:Epoch [55/100]...
INFO:root:Training loss: 0.0031364355236291885
INFO:root:Validation loss: 1.549636960029602
INFO:root:Minimum training loss found in epoch 55
INFO:root:Epoch [56/100]...
INFO:root:Training loss: 0.003104186151176691
INFO:root:Validation loss: 1.548940658569336
INFO:root:Minimum training loss found in epoch 56
INFO:root:Epoch [57/100]...
INFO:root:Training loss: 0.0030703654047101736
INFO:root:Validation loss: 1.5482865571975708
INFO:root:Minimum training loss found in epoch 57
INFO:root:Epoch [58/100]...
INFO:root:Training loss: 0.003034863155335188
INFO:root:Validation loss: 1.5476675033569336
INFO:root:Minimum training loss found in epoch 58
INFO:root:Epoch [59/100]...
INFO:root:Training loss: 0.0029976200312376022
INFO:root:Validation loss: 1.5470777750015259
INFO:root:Minimum training loss found in epoch 59
INFO:root:Epoch [60/100]...
INFO:root:Training loss: 0.0029586111195385456
INFO:root:Validation loss: 1.5465161800384521
INFO:root:Minimum training loss found in epoch 60
INFO:root:Epoch [61/100]...
INFO:root:Training loss: 0.002917891601100564
INFO:root:Validation loss: 1.5459728240966797
INFO:root:Minimum training loss found in epoch 61
INFO:root:Epoch [62/100]...
INFO:root:Training loss: 0.0028754682280123234
INFO:root:Validation loss: 1.5459202527999878
INFO:root:Minimum training loss found in epoch 62
INFO:root:Epoch [63/100]...
INFO:root:Training loss: 0.0028709876351058483
INFO:root:Validation loss: 1.5458691120147705
INFO:root:Minimum training loss found in epoch 63
INFO:root:Epoch [64/100]...
INFO:root:Training loss: 0.0028662551194429398
INFO:root:Validation loss: 1.5458177328109741
INFO:root:Minimum training loss found in epoch 64
INFO:root:Epoch [65/100]...
INFO:root:Training loss: 0.002861239016056061
INFO:root:Validation loss: 1.5457688570022583
INFO:root:Minimum training loss found in epoch 65
INFO:root:Epoch [66/100]...
INFO:root:Training loss: 0.002855931641533971
INFO:root:Validation loss: 1.545721173286438
INFO:root:Minimum training loss found in epoch 66
INFO:root:Epoch [67/100]...
INFO:root:Training loss: 0.002850333461537957
INFO:root:Validation loss: 1.5456734895706177
INFO:root:Minimum training loss found in epoch 67
INFO:root:Epoch [68/100]...
INFO:root:Training loss: 0.0028444097843021154
INFO:root:Validation loss: 1.5456275939941406
INFO:root:Minimum training loss found in epoch 68
INFO:root:Epoch [69/100]...
INFO:root:Training loss: 0.002838193904608488
INFO:root:Validation loss: 1.5455820560455322
INFO:root:Minimum training loss found in epoch 69
INFO:root:Epoch [70/100]...
INFO:root:Training loss: 0.002831642283126712
INFO:root:Validation loss: 1.545535922050476
INFO:root:Minimum training loss found in epoch 70
INFO:root:Epoch [71/100]...
INFO:root:Training loss: 0.0028247633017599583
INFO:root:Validation loss: 1.5454896688461304
INFO:root:Minimum training loss found in epoch 71
INFO:root:Epoch [72/100]...
INFO:root:Training loss: 0.0028175339102745056
INFO:root:Validation loss: 1.545445442199707
INFO:root:Minimum training loss found in epoch 72
INFO:root:Epoch [73/100]...
INFO:root:Training loss: 0.0028099743649363518
INFO:root:Validation loss: 1.5454410314559937
INFO:root:Minimum training loss found in epoch 73
INFO:root:Epoch [74/100]...
INFO:root:Training loss: 0.002809183904901147
INFO:root:Validation loss: 1.5454375743865967
INFO:root:Minimum training loss found in epoch 74
INFO:root:Epoch [75/100]...
INFO:root:Training loss: 0.002808353630825877
INFO:root:Validation loss: 1.5454330444335938
INFO:root:Minimum training loss found in epoch 75
INFO:root:Epoch [76/100]...
INFO:root:Training loss: 0.002807473763823509
INFO:root:Validation loss: 1.5454280376434326
INFO:root:Minimum training loss found in epoch 76
INFO:root:Epoch [77/100]...
INFO:root:Training loss: 0.002806558273732662
INFO:root:Validation loss: 1.545424222946167
INFO:root:Minimum training loss found in epoch 77
INFO:root:Epoch [78/100]...
INFO:root:Training loss: 0.0028055827133357525
INFO:root:Validation loss: 1.5454190969467163
INFO:root:Minimum training loss found in epoch 78
INFO:root:Epoch [79/100]...
INFO:root:Training loss: 0.002804581541568041
INFO:root:Validation loss: 1.545414924621582
INFO:root:Minimum training loss found in epoch 79
INFO:root:Epoch [80/100]...
INFO:root:Training loss: 0.0028035221621394157
INFO:root:Validation loss: 1.545410394668579
INFO:root:Minimum training loss found in epoch 80
INFO:root:Epoch [81/100]...
INFO:root:Training loss: 0.002802448347210884
INFO:root:Validation loss: 1.5454052686691284
INFO:root:Minimum training loss found in epoch 81
INFO:root:Epoch [82/100]...
INFO:root:Training loss: 0.002801273949444294
INFO:root:Validation loss: 1.5454018115997314
INFO:root:Minimum training loss found in epoch 82
INFO:root:Epoch [83/100]...
INFO:root:Training loss: 0.0028000581078231335
INFO:root:Validation loss: 1.5453968048095703
INFO:root:Minimum training loss found in epoch 83
INFO:root:Epoch [84/100]...
INFO:root:Training loss: 0.002798799891024828
INFO:root:Validation loss: 1.5453968048095703
INFO:root:Minimum training loss found in epoch 84
INFO:root:Epoch [85/100]...
INFO:root:Training loss: 0.0027986736968159676
INFO:root:Validation loss: 1.5453959703445435
INFO:root:Minimum training loss found in epoch 85
INFO:root:Epoch [86/100]...
INFO:root:Training loss: 0.0027985612396150827
INFO:root:Validation loss: 1.5453951358795166
INFO:root:Minimum training loss found in epoch 86
INFO:root:Epoch [87/100]...
INFO:root:Training loss: 0.0027984243351966143
INFO:root:Validation loss: 1.5453954935073853
INFO:root:Minimum training loss found in epoch 87
INFO:root:Epoch [88/100]...
INFO:root:Training loss: 0.0027982827741652727
INFO:root:Validation loss: 1.545393466949463
INFO:root:Minimum training loss found in epoch 88
INFO:root:Epoch [89/100]...
INFO:root:Training loss: 0.002798125147819519
INFO:root:Validation loss: 1.545393466949463
INFO:root:Minimum training loss found in epoch 89
INFO:root:Epoch [90/100]...
INFO:root:Training loss: 0.002797957044094801
INFO:root:Validation loss: 1.5453935861587524
INFO:root:Minimum training loss found in epoch 90
INFO:root:Epoch [91/100]...
INFO:root:Training loss: 0.0027977984864264727
INFO:root:Validation loss: 1.5453931093215942
INFO:root:Minimum training loss found in epoch 91
INFO:root:Epoch [92/100]...
INFO:root:Training loss: 0.002797626191750169
INFO:root:Validation loss: 1.5453927516937256
INFO:root:Minimum training loss found in epoch 92
INFO:root:Epoch [93/100]...
INFO:root:Training loss: 0.0027974459808319807
INFO:root:Validation loss: 1.5453922748565674
INFO:root:Minimum training loss found in epoch 93
INFO:root:Epoch [94/100]...
INFO:root:Training loss: 0.0027972508687525988
INFO:root:Validation loss: 1.5453920364379883
INFO:root:Minimum training loss found in epoch 94
INFO:root:Epoch [95/100]...
INFO:root:Training loss: 0.0027970578521490097
INFO:root:Validation loss: 1.545392632484436
INFO:root:Minimum training loss found in epoch 95
INFO:root:Epoch [96/100]...
INFO:root:Training loss: 0.0027968534268438816
INFO:root:Validation loss: 1.5453919172286987
INFO:root:Minimum training loss found in epoch 96
INFO:root:Epoch [97/100]...
INFO:root:Training loss: 0.0027966550551354885
INFO:root:Validation loss: 1.54539155960083
INFO:root:Minimum training loss found in epoch 97
INFO:root:Epoch [98/100]...
INFO:root:Training loss: 0.0027964264154434204
INFO:root:Validation loss: 1.54539155960083
INFO:root:Minimum training loss found in epoch 98
INFO:root:Epoch [99/100]...
INFO:root:Training loss: 0.002796216867864132
INFO:root:Validation loss: 1.5453917980194092
INFO:root:Minimum training loss found in epoch 99
INFO:root:Epoch [100/100]...
INFO:root:Training loss: 0.002795967273414135
