INFO:root:Started training at 15-12-2017, 04:00:44.
INFO:root:Epoch [1/100]...
INFO:root:Minimum training loss found in epoch 1
INFO:root:Minimum validation loss found in epoch 1
INFO:root:Epoch [2/100]...
INFO:root:Minimum training loss found in epoch 2
INFO:root:Epoch [3/100]...
INFO:root:Minimum training loss found in epoch 3
INFO:root:Epoch [4/100]...
INFO:root:Minimum training loss found in epoch 4
INFO:root:Epoch [5/100]...
INFO:root:Minimum training loss found in epoch 5
INFO:root:Epoch [6/100]...
INFO:root:Minimum training loss found in epoch 6
INFO:root:Epoch [7/100]...
INFO:root:Minimum training loss found in epoch 7
INFO:root:Epoch [8/100]...
INFO:root:Minimum training loss found in epoch 8
INFO:root:Epoch [9/100]...
INFO:root:Minimum training loss found in epoch 9
INFO:root:Epoch [10/100]...
INFO:root:Epoch [11/100]...
INFO:root:Epoch [12/100]...
INFO:root:Epoch [13/100]...
INFO:root:Minimum training loss found in epoch 13
INFO:root:Epoch [14/100]...
INFO:root:Minimum training loss found in epoch 14
INFO:root:Epoch [15/100]...
INFO:root:Minimum training loss found in epoch 15
INFO:root:Epoch [16/100]...
INFO:root:Minimum training loss found in epoch 16
INFO:root:Epoch [17/100]...
INFO:root:Minimum training loss found in epoch 17
INFO:root:Epoch [18/100]...
INFO:root:Minimum training loss found in epoch 18
INFO:root:Epoch [19/100]...
INFO:root:Minimum training loss found in epoch 19
INFO:root:Epoch [20/100]...
INFO:root:Minimum training loss found in epoch 20
INFO:root:Epoch [21/100]...
INFO:root:Minimum training loss found in epoch 21
INFO:root:Epoch [22/100]...
INFO:root:Minimum training loss found in epoch 22
INFO:root:Epoch [23/100]...
INFO:root:Minimum training loss found in epoch 23
INFO:root:Epoch [24/100]...
INFO:root:Minimum training loss found in epoch 24
INFO:root:Twenty epochs with no improvement have passed. Stopping training...
INFO:root:Finished training at 15-12-2017, 07:16:07.
