INFO:root:Started training at 15-12-2017, 19:01:28.
INFO:root:Epoch [1/100]...
INFO:root:Training loss: 5.891277313232422
INFO:root:Validation loss: 5.858388900756836
INFO:root:Minimum training loss found in epoch 1
INFO:root:Minimum validation loss found in epoch 1
INFO:root:Epoch [2/100]...
INFO:root:Training loss: 5.858147144317627
INFO:root:Validation loss: 5.819867134094238
INFO:root:Minimum training loss found in epoch 2
INFO:root:Minimum validation loss found in epoch 2
INFO:root:Epoch [3/100]...
INFO:root:Training loss: 5.817000865936279
INFO:root:Validation loss: 5.745986461639404
INFO:root:Minimum training loss found in epoch 3
INFO:root:Minimum validation loss found in epoch 3
INFO:root:Epoch [4/100]...
INFO:root:Training loss: 5.741375923156738
INFO:root:Validation loss: 5.5866851806640625
INFO:root:Minimum training loss found in epoch 4
INFO:root:Minimum validation loss found in epoch 4
INFO:root:Epoch [5/100]...
INFO:root:Training loss: 5.5812482833862305
INFO:root:Validation loss: 5.241950511932373
INFO:root:Minimum training loss found in epoch 5
INFO:root:Minimum validation loss found in epoch 5
INFO:root:Epoch [6/100]...
INFO:root:Training loss: 5.2368693351745605
INFO:root:Validation loss: 4.625674724578857
INFO:root:Minimum training loss found in epoch 6
INFO:root:Minimum validation loss found in epoch 6
INFO:root:Epoch [7/100]...
INFO:root:Training loss: 4.605446815490723
INFO:root:Validation loss: 3.9981231689453125
INFO:root:Minimum training loss found in epoch 7
INFO:root:Minimum validation loss found in epoch 7
INFO:root:Epoch [8/100]...
INFO:root:Training loss: 3.9357285499572754
INFO:root:Validation loss: 4.364253044128418
INFO:root:Minimum training loss found in epoch 8
INFO:root:Epoch [9/100]...
INFO:root:Training loss: 4.174797534942627
INFO:root:Validation loss: 4.596901893615723
INFO:root:Epoch [10/100]...
INFO:root:Training loss: 4.1088457107543945
INFO:root:Validation loss: 4.037181854248047
INFO:root:Epoch [11/100]...
INFO:root:Training loss: 3.8264193534851074
INFO:root:Validation loss: 3.5872018337249756
INFO:root:Minimum training loss found in epoch 11
INFO:root:Minimum validation loss found in epoch 11
INFO:root:Epoch [12/100]...
INFO:root:Training loss: 3.3720951080322266
INFO:root:Validation loss: 3.7488832473754883
INFO:root:Minimum training loss found in epoch 12
INFO:root:Epoch [13/100]...
INFO:root:Training loss: 3.161939859390259
INFO:root:Validation loss: 3.689363956451416
INFO:root:Minimum training loss found in epoch 13
INFO:root:Epoch [14/100]...
INFO:root:Training loss: 2.9002809524536133
INFO:root:Validation loss: 3.8844380378723145
INFO:root:Minimum training loss found in epoch 14
INFO:root:Epoch [15/100]...
INFO:root:Training loss: 2.851224184036255
INFO:root:Validation loss: 3.0210208892822266
INFO:root:Minimum training loss found in epoch 15
INFO:root:Minimum validation loss found in epoch 15
INFO:root:Epoch [16/100]...
INFO:root:Training loss: 2.7614526748657227
INFO:root:Validation loss: 2.697136878967285
INFO:root:Minimum training loss found in epoch 16
INFO:root:Minimum validation loss found in epoch 16
INFO:root:Epoch [17/100]...
INFO:root:Training loss: 2.470449924468994
INFO:root:Validation loss: 2.7324788570404053
INFO:root:Minimum training loss found in epoch 17
INFO:root:Epoch [18/100]...
INFO:root:Training loss: 2.2909226417541504
INFO:root:Validation loss: 2.6445302963256836
INFO:root:Minimum training loss found in epoch 18
INFO:root:Minimum validation loss found in epoch 18
INFO:root:Epoch [19/100]...
INFO:root:Training loss: 2.227876901626587
INFO:root:Validation loss: 2.5450212955474854
INFO:root:Minimum training loss found in epoch 19
INFO:root:Minimum validation loss found in epoch 19
INFO:root:Epoch [20/100]...
INFO:root:Training loss: 2.1043941974639893
INFO:root:Validation loss: 2.4699606895446777
INFO:root:Minimum training loss found in epoch 20
INFO:root:Minimum validation loss found in epoch 20
INFO:root:Epoch [21/100]...
INFO:root:Training loss: 1.9007813930511475
INFO:root:Validation loss: 2.4699208736419678
INFO:root:Minimum training loss found in epoch 21
INFO:root:Minimum validation loss found in epoch 21
INFO:root:Epoch [22/100]...
INFO:root:Training loss: 1.6525931358337402
INFO:root:Validation loss: 2.3697614669799805
INFO:root:Minimum training loss found in epoch 22
INFO:root:Minimum validation loss found in epoch 22
INFO:root:Epoch [23/100]...
INFO:root:Training loss: 1.5120418071746826
INFO:root:Validation loss: 1.9068323373794556
INFO:root:Minimum training loss found in epoch 23
INFO:root:Minimum validation loss found in epoch 23
INFO:root:Epoch [24/100]...
INFO:root:Training loss: 1.4270994663238525
INFO:root:Validation loss: 2.3652942180633545
INFO:root:Minimum training loss found in epoch 24
INFO:root:Epoch [25/100]...
INFO:root:Training loss: 1.2219147682189941
INFO:root:Validation loss: 3.087923049926758
INFO:root:Minimum training loss found in epoch 25
INFO:root:Epoch [26/100]...
INFO:root:Training loss: 1.1447546482086182
INFO:root:Validation loss: 3.0672879219055176
INFO:root:Minimum training loss found in epoch 26
INFO:root:Epoch [27/100]...
INFO:root:Training loss: 0.9514641761779785
INFO:root:Validation loss: 1.4055464267730713
INFO:root:Minimum training loss found in epoch 27
INFO:root:Minimum validation loss found in epoch 27
INFO:root:Epoch [28/100]...
INFO:root:Training loss: 0.844455361366272
INFO:root:Validation loss: 1.1845154762268066
INFO:root:Minimum training loss found in epoch 28
INFO:root:Minimum validation loss found in epoch 28
INFO:root:Epoch [29/100]...
INFO:root:Training loss: 0.6214910745620728
INFO:root:Validation loss: 2.2026872634887695
INFO:root:Minimum training loss found in epoch 29
INFO:root:Epoch [30/100]...
INFO:root:Training loss: 0.5589491724967957
INFO:root:Validation loss: 1.1003062725067139
INFO:root:Minimum training loss found in epoch 30
INFO:root:Minimum validation loss found in epoch 30
INFO:root:Epoch [31/100]...
INFO:root:Training loss: 0.4624648094177246
INFO:root:Validation loss: 1.0343462228775024
INFO:root:Minimum training loss found in epoch 31
INFO:root:Minimum validation loss found in epoch 31
INFO:root:Epoch [32/100]...
INFO:root:Training loss: 0.3538135886192322
INFO:root:Validation loss: 0.9881323575973511
INFO:root:Minimum training loss found in epoch 32
INFO:root:Minimum validation loss found in epoch 32
INFO:root:Epoch [33/100]...
INFO:root:Training loss: 0.2766157388687134
INFO:root:Validation loss: 0.9485608339309692
INFO:root:Minimum training loss found in epoch 33
INFO:root:Minimum validation loss found in epoch 33
INFO:root:Epoch [34/100]...
INFO:root:Training loss: 0.1933089792728424
INFO:root:Validation loss: 0.9830870628356934
INFO:root:Minimum training loss found in epoch 34
INFO:root:Epoch [35/100]...
INFO:root:Training loss: 0.19065284729003906
INFO:root:Validation loss: 0.9465868473052979
INFO:root:Minimum training loss found in epoch 35
INFO:root:Minimum validation loss found in epoch 35
INFO:root:Epoch [36/100]...
INFO:root:Training loss: 0.12702448666095734
INFO:root:Validation loss: 0.90700763463974
INFO:root:Minimum training loss found in epoch 36
INFO:root:Minimum validation loss found in epoch 36
INFO:root:Epoch [37/100]...
INFO:root:Training loss: 0.06857605278491974
INFO:root:Validation loss: 0.9446283578872681
INFO:root:Minimum training loss found in epoch 37
INFO:root:Epoch [38/100]...
INFO:root:Training loss: 0.08792932331562042
INFO:root:Validation loss: 0.9301175475120544
INFO:root:Epoch [39/100]...
INFO:root:Training loss: 0.044552966952323914
INFO:root:Validation loss: 0.9981645941734314
INFO:root:Minimum training loss found in epoch 39
INFO:root:Epoch [40/100]...
INFO:root:Training loss: 0.1013195738196373
INFO:root:Validation loss: 0.9511975646018982
INFO:root:Epoch [41/100]...
INFO:root:Training loss: 0.07096722722053528
INFO:root:Validation loss: 1.0809614658355713
INFO:root:Epoch [42/100]...
INFO:root:Training loss: 0.20075561106204987
INFO:root:Validation loss: 1.6880797147750854
INFO:root:Epoch [43/100]...
INFO:root:Training loss: 0.7623328566551208
INFO:root:Validation loss: 1.1644084453582764
INFO:root:Epoch [44/100]...
INFO:root:Training loss: 0.21793483197689056
INFO:root:Validation loss: 0.9758205413818359
INFO:root:Epoch [45/100]...
INFO:root:Training loss: 0.03668755292892456
INFO:root:Validation loss: 1.5650429725646973
INFO:root:Minimum training loss found in epoch 45
INFO:root:Epoch [46/100]...
INFO:root:Training loss: 0.6292109489440918
INFO:root:Validation loss: 1.0680272579193115
INFO:root:Epoch [47/100]...
INFO:root:Training loss: 0.10852357745170593
INFO:root:Validation loss: 1.2456029653549194
INFO:root:Epoch [48/100]...
INFO:root:Training loss: 0.2506411671638489
INFO:root:Validation loss: 1.2042789459228516
INFO:root:Epoch [49/100]...
INFO:root:Training loss: 0.20596849918365479
INFO:root:Validation loss: 1.1227221488952637
INFO:root:Epoch [50/100]...
INFO:root:Training loss: 0.12122762948274612
INFO:root:Validation loss: 1.0502874851226807
INFO:root:Epoch [51/100]...
INFO:root:Training loss: 0.04572766646742821
INFO:root:Validation loss: 1.020671010017395
INFO:root:Epoch [52/100]...
INFO:root:Training loss: 0.013106366619467735
INFO:root:Validation loss: 1.0155119895935059
INFO:root:Minimum training loss found in epoch 52
INFO:root:Epoch [53/100]...
INFO:root:Training loss: 0.004980453290045261
INFO:root:Validation loss: 1.016634464263916
INFO:root:Minimum training loss found in epoch 53
INFO:root:Epoch [54/100]...
INFO:root:Training loss: 0.0031680623069405556
INFO:root:Validation loss: 1.0191047191619873
INFO:root:Minimum training loss found in epoch 54
INFO:root:Epoch [55/100]...
INFO:root:Training loss: 0.00274385092779994
INFO:root:Validation loss: 1.0219242572784424
INFO:root:Minimum training loss found in epoch 55
INFO:root:Epoch [56/100]...
INFO:root:Training loss: 0.002711297245696187
INFO:root:Validation loss: 1.0248960256576538
INFO:root:Minimum training loss found in epoch 56
INFO:root:Epoch [57/100]...
INFO:root:Training loss: 0.0028782703448086977
INFO:root:Validation loss: 1.0280272960662842
INFO:root:Epoch [58/100]...
INFO:root:Training loss: 0.003257800592109561
INFO:root:Validation loss: 1.031447172164917
INFO:root:Epoch [59/100]...
INFO:root:Training loss: 0.0039851488545536995
INFO:root:Validation loss: 1.0317999124526978
INFO:root:Epoch [60/100]...
INFO:root:Training loss: 0.004075954668223858
INFO:root:Validation loss: 1.0321322679519653
INFO:root:Epoch [61/100]...
INFO:root:Training loss: 0.0041530560702085495
INFO:root:Validation loss: 1.0324435234069824
INFO:root:Epoch [62/100]...
INFO:root:Training loss: 0.004214462824165821
INFO:root:Validation loss: 1.0327316522598267
INFO:root:Epoch [63/100]...
INFO:root:Training loss: 0.004258506000041962
INFO:root:Validation loss: 1.0329949855804443
INFO:root:Epoch [64/100]...
INFO:root:Training loss: 0.004284033551812172
INFO:root:Validation loss: 1.033234715461731
INFO:root:Epoch [65/100]...
INFO:root:Training loss: 0.004290077835321426
INFO:root:Validation loss: 1.0334515571594238
INFO:root:Epoch [66/100]...
INFO:root:Training loss: 0.004276053048670292
INFO:root:Validation loss: 1.0336445569992065
INFO:root:Epoch [67/100]...
INFO:root:Training loss: 0.004242234863340855
INFO:root:Validation loss: 1.0338164567947388
INFO:root:Epoch [68/100]...
INFO:root:Training loss: 0.004188962280750275
INFO:root:Validation loss: 1.0339676141738892
INFO:root:Epoch [69/100]...
INFO:root:Training loss: 0.0041174376383423805
INFO:root:Validation loss: 1.0341007709503174
INFO:root:Epoch [70/100]...
INFO:root:Training loss: 0.00402911938726902
INFO:root:Validation loss: 1.0341129302978516
INFO:root:Epoch [71/100]...
INFO:root:Training loss: 0.004018607549369335
INFO:root:Validation loss: 1.0341230630874634
INFO:root:Epoch [72/100]...
INFO:root:Training loss: 0.004006227944046259
INFO:root:Validation loss: 1.0341317653656006
INFO:root:Epoch [73/100]...
INFO:root:Training loss: 0.003992066718637943
INFO:root:Validation loss: 1.0341378450393677
INFO:root:Epoch [74/100]...
INFO:root:Training loss: 0.003976093605160713
INFO:root:Validation loss: 1.0341434478759766
INFO:root:Epoch [75/100]...
INFO:root:Training loss: 0.003958414308726788
INFO:root:Validation loss: 1.0341466665267944
INFO:root:Epoch [76/100]...
INFO:root:Training loss: 0.003938999027013779
INFO:root:Validation loss: 1.0341484546661377
INFO:root:Epoch [77/100]...
INFO:root:Training loss: 0.0039178766310215
INFO:root:Validation loss: 1.0341492891311646
INFO:root:Epoch [78/100]...
INFO:root:Training loss: 0.003895137459039688
INFO:root:Validation loss: 1.034148097038269
INFO:root:Epoch [79/100]...
INFO:root:Training loss: 0.003870733780786395
INFO:root:Validation loss: 1.0341473817825317
INFO:root:Epoch [80/100]...
INFO:root:Training loss: 0.0038447631523013115
INFO:root:Validation loss: 1.0341438055038452
INFO:root:Epoch [81/100]...
INFO:root:Training loss: 0.0038172341883182526
INFO:root:Validation loss: 1.0341435670852661
INFO:root:Epoch [82/100]...
INFO:root:Training loss: 0.00381430983543396
INFO:root:Validation loss: 1.0341428518295288
INFO:root:Epoch [83/100]...
INFO:root:Training loss: 0.003811206202954054
INFO:root:Validation loss: 1.0341421365737915
INFO:root:Epoch [84/100]...
INFO:root:Training loss: 0.0038079493679106236
INFO:root:Validation loss: 1.034140706062317
INFO:root:Epoch [85/100]...
INFO:root:Training loss: 0.00380448205396533
INFO:root:Validation loss: 1.0341399908065796
INFO:root:Epoch [86/100]...
INFO:root:Training loss: 0.003800822189077735
INFO:root:Validation loss: 1.0341384410858154
INFO:root:Epoch [87/100]...
INFO:root:Training loss: 0.0037969639524817467
INFO:root:Validation loss: 1.0341377258300781
INFO:root:Epoch [88/100]...
INFO:root:Training loss: 0.003792928531765938
INFO:root:Validation loss: 1.034136176109314
INFO:root:Epoch [89/100]...
INFO:root:Training loss: 0.0037886626087129116
INFO:root:Validation loss: 1.034134864807129
INFO:root:Epoch [90/100]...
INFO:root:Training loss: 0.0037842292804270983
INFO:root:Validation loss: 1.034132719039917
INFO:root:Epoch [91/100]...
INFO:root:Training loss: 0.0037795682437717915
INFO:root:Validation loss: 1.0341310501098633
INFO:root:Epoch [92/100]...
INFO:root:Training loss: 0.0037746955640614033
INFO:root:Validation loss: 1.034130573272705
INFO:root:Epoch [93/100]...
INFO:root:Training loss: 0.003774200566112995
INFO:root:Validation loss: 1.034130334854126
INFO:root:Epoch [94/100]...
INFO:root:Training loss: 0.003773682052269578
INFO:root:Validation loss: 1.0341298580169678
INFO:root:Epoch [95/100]...
INFO:root:Training loss: 0.003773162141442299
INFO:root:Validation loss: 1.03412926197052
INFO:root:Epoch [96/100]...
INFO:root:Training loss: 0.0037725912407040596
INFO:root:Validation loss: 1.0341285467147827
INFO:root:Epoch [97/100]...
INFO:root:Training loss: 0.0037719872780144215
INFO:root:Validation loss: 1.0341277122497559
INFO:root:Epoch [98/100]...
INFO:root:Training loss: 0.003771345131099224
INFO:root:Validation loss: 1.0341273546218872
INFO:root:Epoch [99/100]...
INFO:root:Training loss: 0.003770675277337432
INFO:root:Validation loss: 1.0341269969940186
INFO:root:Epoch [100/100]...
INFO:root:Training loss: 0.003769978880882263
INFO:root:Validation loss: 1.0341264009475708
INFO:root:Finished training at 15-12-2017, 19:03:23.
