INFO:root:Started training at 16-12-2017, 00:47:25.
INFO:root:Epoch [1/5]...
INFO:root:Training loss: 5.855539703369141
INFO:root:Validation loss: 5.31678614616394
INFO:root:Minimum training loss found in epoch 1
INFO:root:Minimum validation loss found in epoch 1
INFO:root:Epoch [2/5]...
INFO:root:Training loss: 4.840300726890564
INFO:root:Validation loss: 4.521274375915527
INFO:root:Minimum training loss found in epoch 2
INFO:root:Minimum validation loss found in epoch 2
INFO:root:Epoch [3/5]...
INFO:root:Training loss: 3.8680164670944213
INFO:root:Validation loss: 3.6789066314697267
INFO:root:Minimum training loss found in epoch 3
INFO:root:Minimum validation loss found in epoch 3
INFO:root:Epoch [4/5]...
INFO:root:Training loss: 3.094658603668213
INFO:root:Validation loss: 3.3898926198482515
INFO:root:Minimum training loss found in epoch 4
INFO:root:Minimum validation loss found in epoch 4
INFO:root:Epoch [5/5]...
INFO:root:Training loss: 2.479098083972931
INFO:root:Validation loss: 2.959243804216385
INFO:root:Minimum training loss found in epoch 5
INFO:root:Minimum validation loss found in epoch 5
INFO:root:Finished training at 16-12-2017, 00:48:23.
